[2026-03-07T05:41:03.081+0000] {local_task_job_runner.py:120} INFO - ::group::Pre task execution logs
[2026-03-07T05:41:03.107+0000] {taskinstance.py:2076} INFO - Dependencies all met for dep_context=non-requeueable deps ti=<TaskInstance: ecommerce_pipeline.run_ingestion manual__2026-03-07T05:36:01.640887+00:00 [queued]>
[2026-03-07T05:41:03.113+0000] {taskinstance.py:2076} INFO - Dependencies all met for dep_context=requeueable deps ti=<TaskInstance: ecommerce_pipeline.run_ingestion manual__2026-03-07T05:36:01.640887+00:00 [queued]>
[2026-03-07T05:41:03.113+0000] {taskinstance.py:2306} INFO - Starting attempt 2 of 2
[2026-03-07T05:41:03.122+0000] {taskinstance.py:2330} INFO - Executing <Task(BashOperator): run_ingestion> on 2026-03-07 05:36:01.640887+00:00
[2026-03-07T05:41:03.127+0000] {standard_task_runner.py:90} INFO - Running: ['airflow', 'tasks', 'run', 'ecommerce_pipeline', 'run_ingestion', 'manual__2026-03-07T05:36:01.640887+00:00', '--job-id', '5', '--raw', '--subdir', 'DAGS_FOLDER/ecommerce_pipeline.py', '--cfg-path', '/tmp/tmp9ewqlmwm']
[2026-03-07T05:41:03.128+0000] {standard_task_runner.py:91} INFO - Job 5: Subtask run_ingestion
[2026-03-07T05:41:03.129+0000] {logging_mixin.py:188} WARNING - /home/airflow/.local/lib/python3.12/site-packages/airflow/task/task_runner/standard_task_runner.py:61 DeprecationWarning: This process (pid=398) is multi-threaded, use of fork() may lead to deadlocks in the child.
[2026-03-07T05:41:03.129+0000] {standard_task_runner.py:63} INFO - Started process 399 to run task
[2026-03-07T05:41:03.165+0000] {task_command.py:426} INFO - Running <TaskInstance: ecommerce_pipeline.run_ingestion manual__2026-03-07T05:36:01.640887+00:00 [running]> on host 47fe156d9b41
[2026-03-07T05:41:03.233+0000] {taskinstance.py:2648} INFO - Exporting env vars: AIRFLOW_CTX_DAG_OWNER='airflow' AIRFLOW_CTX_DAG_ID='ecommerce_pipeline' AIRFLOW_CTX_TASK_ID='run_ingestion' AIRFLOW_CTX_EXECUTION_DATE='2026-03-07T05:36:01.640887+00:00' AIRFLOW_CTX_TRY_NUMBER='2' AIRFLOW_CTX_DAG_RUN_ID='manual__2026-03-07T05:36:01.640887+00:00'
[2026-03-07T05:41:03.234+0000] {taskinstance.py:430} INFO - ::endgroup::
[2026-03-07T05:41:03.248+0000] {subprocess.py:63} INFO - Tmp dir root location: /tmp
[2026-03-07T05:41:03.248+0000] {subprocess.py:75} INFO - Running command: ['/usr/bin/bash', '-c', 'docker exec ecommerce_ingestion python /app/app/load_data.py']
[2026-03-07T05:41:03.258+0000] {subprocess.py:86} INFO - Output:
[2026-03-07T05:41:03.271+0000] {subprocess.py:93} INFO - Cannot connect to the Docker daemon at unix:///var/run/docker.sock. Is the docker daemon running?
[2026-03-07T05:41:03.271+0000] {subprocess.py:97} INFO - Command exited with return code 1
[2026-03-07T05:41:03.272+0000] {taskinstance.py:441} INFO - ::group::Post task execution logs
[2026-03-07T05:41:03.281+0000] {taskinstance.py:2905} ERROR - Task failed with exception
Traceback (most recent call last):
  File "/home/airflow/.local/lib/python3.12/site-packages/airflow/models/taskinstance.py", line 465, in _execute_task
    result = _execute_callable(context=context, **execute_callable_kwargs)
             ^^^^^^^^^^^^^^^^^^^^^^^^^^^^^^^^^^^^^^^^^^^^^^^^^^^^^^^^^^^^^
  File "/home/airflow/.local/lib/python3.12/site-packages/airflow/models/taskinstance.py", line 432, in _execute_callable
    return execute_callable(context=context, **execute_callable_kwargs)
           ^^^^^^^^^^^^^^^^^^^^^^^^^^^^^^^^^^^^^^^^^^^^^^^^^^^^^^^^^^^^
  File "/home/airflow/.local/lib/python3.12/site-packages/airflow/models/baseoperator.py", line 400, in wrapper
    return func(self, *args, **kwargs)
           ^^^^^^^^^^^^^^^^^^^^^^^^^^^
  File "/home/airflow/.local/lib/python3.12/site-packages/airflow/operators/bash.py", line 243, in execute
    raise AirflowException(
airflow.exceptions.AirflowException: Bash command failed. The command returned a non-zero exit code 1.
[2026-03-07T05:41:03.283+0000] {taskinstance.py:1206} INFO - Marking task as FAILED. dag_id=ecommerce_pipeline, task_id=run_ingestion, run_id=manual__2026-03-07T05:36:01.640887+00:00, execution_date=20260307T053601, start_date=20260307T054103, end_date=20260307T054103
[2026-03-07T05:41:03.291+0000] {standard_task_runner.py:110} ERROR - Failed to execute job 5 for task run_ingestion (Bash command failed. The command returned a non-zero exit code 1.; 399)
[2026-03-07T05:41:03.302+0000] {local_task_job_runner.py:240} INFO - Task exited with return code 1
[2026-03-07T05:41:03.324+0000] {taskinstance.py:3498} INFO - 0 downstream tasks scheduled from follow-on schedule check
[2026-03-07T05:41:03.328+0000] {local_task_job_runner.py:222} INFO - ::endgroup::
