[2026-03-06T18:53:07.436+0000] {manager.py:470} INFO - Processing files using up to 2 processes at a time 
[2026-03-06T18:53:07.436+0000] {manager.py:471} INFO - Process each file at most once every 30 seconds
[2026-03-06T18:53:07.436+0000] {manager.py:472} INFO - Checking for new files in /opt/airflow/dags every 300 seconds
[2026-03-06T18:53:07.437+0000] {manager.py:737} INFO - Searching for files in /opt/airflow/dags
[2026-03-06T18:53:07.437+0000] {manager.py:740} INFO - There are 1 files in /opt/airflow/dags
[2026-03-06T18:53:07.486+0000] {manager.py:878} INFO - 
================================================================================
DAG File Processing Stats

File Path                                  PID  Runtime      # DAGs    # Errors  Last Runtime    Last Run
---------------------------------------  -----  ---------  --------  ----------  --------------  ----------
/opt/airflow/dags/ecommerce_pipeline.py    168  0.02s             0           0
================================================================================
[2026-03-06T18:53:37.601+0000] {manager.py:878} INFO - 
================================================================================
DAG File Processing Stats

File Path                                PID    Runtime      # DAGs    # Errors  Last Runtime    Last Run
---------------------------------------  -----  ---------  --------  ----------  --------------  -------------------
/opt/airflow/dags/ecommerce_pipeline.py                           1           0  0.26s           2026-03-06T18:53:07
================================================================================
[2026-03-06T18:54:07.984+0000] {manager.py:878} INFO - 
================================================================================
DAG File Processing Stats

File Path                                  PID  Runtime      # DAGs    # Errors  Last Runtime    Last Run
---------------------------------------  -----  ---------  --------  ----------  --------------  -------------------
/opt/airflow/dags/ecommerce_pipeline.py    178  0.00s             1           0  0.07s           2026-03-06T18:53:37
================================================================================
[2026-03-06T18:54:38.178+0000] {manager.py:878} INFO - 
================================================================================
DAG File Processing Stats

File Path                                  PID  Runtime      # DAGs    # Errors  Last Runtime    Last Run
---------------------------------------  -----  ---------  --------  ----------  --------------  -------------------
/opt/airflow/dags/ecommerce_pipeline.py    183  0.01s             1           0  0.07s           2026-03-06T18:54:08
================================================================================
[2026-03-06T18:55:08.339+0000] {manager.py:878} INFO - 
================================================================================
DAG File Processing Stats

File Path                                  PID  Runtime      # DAGs    # Errors  Last Runtime    Last Run
---------------------------------------  -----  ---------  --------  ----------  --------------  -------------------
/opt/airflow/dags/ecommerce_pipeline.py    188  0.00s             1           0  0.10s           2026-03-06T18:54:38
================================================================================
[2026-03-06T18:55:38.540+0000] {manager.py:878} INFO - 
================================================================================
DAG File Processing Stats

File Path                                  PID  Runtime      # DAGs    # Errors  Last Runtime    Last Run
---------------------------------------  -----  ---------  --------  ----------  --------------  -------------------
/opt/airflow/dags/ecommerce_pipeline.py    193  0.01s             1           0  0.08s           2026-03-06T18:55:08
================================================================================
[2026-03-06T18:56:08.690+0000] {manager.py:878} INFO - 
================================================================================
DAG File Processing Stats

File Path                                  PID  Runtime      # DAGs    # Errors  Last Runtime    Last Run
---------------------------------------  -----  ---------  --------  ----------  --------------  -------------------
/opt/airflow/dags/ecommerce_pipeline.py    198  0.00s             1           0  0.08s           2026-03-06T18:55:38
================================================================================
[2026-03-06T18:56:38.859+0000] {manager.py:878} INFO - 
================================================================================
DAG File Processing Stats

File Path                                  PID  Runtime      # DAGs    # Errors  Last Runtime    Last Run
---------------------------------------  -----  ---------  --------  ----------  --------------  -------------------
/opt/airflow/dags/ecommerce_pipeline.py    203  0.00s             1           0  0.06s           2026-03-06T18:56:08
================================================================================
[2026-03-06T18:57:09.019+0000] {manager.py:878} INFO - 
================================================================================
DAG File Processing Stats

File Path                                  PID  Runtime      # DAGs    # Errors  Last Runtime    Last Run
---------------------------------------  -----  ---------  --------  ----------  --------------  -------------------
/opt/airflow/dags/ecommerce_pipeline.py    208  0.00s             1           0  0.07s           2026-03-06T18:56:38
================================================================================
[2026-03-06T18:57:39.215+0000] {manager.py:878} INFO - 
================================================================================
DAG File Processing Stats

File Path                                  PID  Runtime      # DAGs    # Errors  Last Runtime    Last Run
---------------------------------------  -----  ---------  --------  ----------  --------------  -------------------
/opt/airflow/dags/ecommerce_pipeline.py    213  0.01s             1           0  0.07s           2026-03-06T18:57:09
================================================================================
[2026-03-06T18:58:08.352+0000] {manager.py:737} INFO - Searching for files in /opt/airflow/dags
[2026-03-06T18:58:08.354+0000] {manager.py:740} INFO - There are 1 files in /opt/airflow/dags
[2026-03-06T18:58:09.373+0000] {manager.py:878} INFO - 
================================================================================
DAG File Processing Stats

File Path                                  PID  Runtime      # DAGs    # Errors  Last Runtime    Last Run
---------------------------------------  -----  ---------  --------  ----------  --------------  -------------------
/opt/airflow/dags/ecommerce_pipeline.py    218  0.00s             1           0  0.08s           2026-03-06T18:57:39
================================================================================
[2026-03-06T18:58:39.548+0000] {manager.py:878} INFO - 
================================================================================
DAG File Processing Stats

File Path                                  PID  Runtime      # DAGs    # Errors  Last Runtime    Last Run
---------------------------------------  -----  ---------  --------  ----------  --------------  -------------------
/opt/airflow/dags/ecommerce_pipeline.py    223  0.01s             1           0  0.10s           2026-03-06T18:58:09
================================================================================
[2026-03-06T18:59:09.729+0000] {manager.py:878} INFO - 
================================================================================
DAG File Processing Stats

File Path                                  PID  Runtime      # DAGs    # Errors  Last Runtime    Last Run
---------------------------------------  -----  ---------  --------  ----------  --------------  -------------------
/opt/airflow/dags/ecommerce_pipeline.py    228  0.01s             1           0  0.07s           2026-03-06T18:58:39
================================================================================
[2026-03-06T18:59:39.867+0000] {manager.py:878} INFO - 
================================================================================
DAG File Processing Stats

File Path                                  PID  Runtime      # DAGs    # Errors  Last Runtime    Last Run
---------------------------------------  -----  ---------  --------  ----------  --------------  -------------------
/opt/airflow/dags/ecommerce_pipeline.py    233  0.01s             1           0  0.08s           2026-03-06T18:59:09
================================================================================
[2026-03-06T19:00:10.037+0000] {manager.py:878} INFO - 
================================================================================
DAG File Processing Stats

File Path                                  PID  Runtime      # DAGs    # Errors  Last Runtime    Last Run
---------------------------------------  -----  ---------  --------  ----------  --------------  -------------------
/opt/airflow/dags/ecommerce_pipeline.py    238  0.01s             1           0  0.08s           2026-03-06T18:59:39
================================================================================
[2026-03-06T19:00:40.184+0000] {manager.py:878} INFO - 
================================================================================
DAG File Processing Stats

File Path                                  PID  Runtime      # DAGs    # Errors  Last Runtime    Last Run
---------------------------------------  -----  ---------  --------  ----------  --------------  -------------------
/opt/airflow/dags/ecommerce_pipeline.py    243  0.01s             1           0  0.06s           2026-03-06T19:00:10
================================================================================
[2026-03-06T19:01:10.354+0000] {manager.py:878} INFO - 
================================================================================
DAG File Processing Stats

File Path                                  PID  Runtime      # DAGs    # Errors  Last Runtime    Last Run
---------------------------------------  -----  ---------  --------  ----------  --------------  -------------------
/opt/airflow/dags/ecommerce_pipeline.py    248  0.00s             1           0  0.07s           2026-03-06T19:00:40
================================================================================
[2026-03-06T19:01:40.519+0000] {manager.py:878} INFO - 
================================================================================
DAG File Processing Stats

File Path                                  PID  Runtime      # DAGs    # Errors  Last Runtime    Last Run
---------------------------------------  -----  ---------  --------  ----------  --------------  -------------------
/opt/airflow/dags/ecommerce_pipeline.py    253  0.01s             1           0  0.10s           2026-03-06T19:01:10
================================================================================
[2026-03-06T19:02:10.717+0000] {manager.py:878} INFO - 
================================================================================
DAG File Processing Stats

File Path                                  PID  Runtime      # DAGs    # Errors  Last Runtime    Last Run
---------------------------------------  -----  ---------  --------  ----------  --------------  -------------------
/opt/airflow/dags/ecommerce_pipeline.py    258  0.00s             1           0  0.07s           2026-03-06T19:01:40
================================================================================
[2026-03-06T19:02:29.541+0000] {manager.py:452} INFO - Exiting gracefully upon receiving signal 15
[2026-03-06T19:03:11.906+0000] {manager.py:470} INFO - Processing files using up to 2 processes at a time 
[2026-03-06T19:03:11.907+0000] {manager.py:471} INFO - Process each file at most once every 30 seconds
[2026-03-06T19:03:11.907+0000] {manager.py:472} INFO - Checking for new files in /opt/airflow/dags every 300 seconds
[2026-03-06T19:03:11.907+0000] {manager.py:737} INFO - Searching for files in /opt/airflow/dags
[2026-03-06T19:03:11.908+0000] {manager.py:740} INFO - There are 1 files in /opt/airflow/dags
[2026-03-06T19:03:11.950+0000] {manager.py:878} INFO - 
================================================================================
DAG File Processing Stats

File Path                                  PID  Runtime      # DAGs    # Errors  Last Runtime    Last Run
---------------------------------------  -----  ---------  --------  ----------  --------------  ----------
/opt/airflow/dags/ecommerce_pipeline.py    167  0.02s             0           0
================================================================================
[2026-03-06T19:03:42.053+0000] {manager.py:878} INFO - 
================================================================================
DAG File Processing Stats

File Path                                PID    Runtime      # DAGs    # Errors  Last Runtime    Last Run
---------------------------------------  -----  ---------  --------  ----------  --------------  -------------------
/opt/airflow/dags/ecommerce_pipeline.py                           1           0  0.25s           2026-03-06T19:03:12
================================================================================
[2026-03-06T19:04:12.445+0000] {manager.py:878} INFO - 
================================================================================
DAG File Processing Stats

File Path                                  PID  Runtime      # DAGs    # Errors  Last Runtime    Last Run
---------------------------------------  -----  ---------  --------  ----------  --------------  -------------------
/opt/airflow/dags/ecommerce_pipeline.py    178  0.00s             1           0  0.07s           2026-03-06T19:03:42
================================================================================
[2026-03-06T19:04:42.629+0000] {manager.py:878} INFO - 
================================================================================
DAG File Processing Stats

File Path                                  PID  Runtime      # DAGs    # Errors  Last Runtime    Last Run
---------------------------------------  -----  ---------  --------  ----------  --------------  -------------------
/opt/airflow/dags/ecommerce_pipeline.py    183  0.00s             1           0  0.07s           2026-03-06T19:04:12
================================================================================
[2026-03-06T19:05:05.075+0000] {manager.py:452} INFO - Exiting gracefully upon receiving signal 15
