[2026-03-06T18:53:07.478+0000] {processor.py:161} INFO - Started process (PID=168) to work on /opt/airflow/dags/ecommerce_pipeline.py
[2026-03-06T18:53:07.479+0000] {processor.py:830} INFO - Processing file /opt/airflow/dags/ecommerce_pipeline.py for tasks to queue
[2026-03-06T18:53:07.480+0000] {logging_mixin.py:188} INFO - [2026-03-06T18:53:07.480+0000] {dagbag.py:545} INFO - Filling up the DagBag from /opt/airflow/dags/ecommerce_pipeline.py
[2026-03-06T18:53:07.498+0000] {processor.py:840} INFO - DAG(s) 'ecommerce_pipeline' retrieved from /opt/airflow/dags/ecommerce_pipeline.py
[2026-03-06T18:53:07.692+0000] {logging_mixin.py:188} INFO - [2026-03-06T18:53:07.692+0000] {override.py:1829} INFO - Created Permission View: can edit on DAG:ecommerce_pipeline
[2026-03-06T18:53:07.699+0000] {logging_mixin.py:188} INFO - [2026-03-06T18:53:07.699+0000] {override.py:1829} INFO - Created Permission View: can delete on DAG:ecommerce_pipeline
[2026-03-06T18:53:07.703+0000] {logging_mixin.py:188} INFO - [2026-03-06T18:53:07.702+0000] {override.py:1829} INFO - Created Permission View: can read on DAG:ecommerce_pipeline
[2026-03-06T18:53:07.703+0000] {logging_mixin.py:188} INFO - [2026-03-06T18:53:07.703+0000] {dag.py:3096} INFO - Sync 1 DAGs
[2026-03-06T18:53:07.709+0000] {logging_mixin.py:188} INFO - [2026-03-06T18:53:07.708+0000] {dag.py:3118} INFO - Creating ORM DAG for ecommerce_pipeline
[2026-03-06T18:53:07.709+0000] {logging_mixin.py:188} INFO - [2026-03-06T18:53:07.709+0000] {dag.py:3954} INFO - Setting next_dagrun for ecommerce_pipeline to None, run_after=None
[2026-03-06T18:53:07.720+0000] {processor.py:183} INFO - Processing /opt/airflow/dags/ecommerce_pipeline.py took 0.247 seconds
[2026-03-06T18:53:37.864+0000] {processor.py:161} INFO - Started process (PID=173) to work on /opt/airflow/dags/ecommerce_pipeline.py
[2026-03-06T18:53:37.864+0000] {processor.py:830} INFO - Processing file /opt/airflow/dags/ecommerce_pipeline.py for tasks to queue
[2026-03-06T18:53:37.866+0000] {logging_mixin.py:188} INFO - [2026-03-06T18:53:37.865+0000] {dagbag.py:545} INFO - Filling up the DagBag from /opt/airflow/dags/ecommerce_pipeline.py
[2026-03-06T18:53:37.871+0000] {processor.py:840} INFO - DAG(s) 'ecommerce_pipeline' retrieved from /opt/airflow/dags/ecommerce_pipeline.py
[2026-03-06T18:53:37.893+0000] {logging_mixin.py:188} INFO - [2026-03-06T18:53:37.892+0000] {dag.py:3096} INFO - Sync 1 DAGs
[2026-03-06T18:53:37.901+0000] {logging_mixin.py:188} INFO - [2026-03-06T18:53:37.900+0000] {dag.py:3954} INFO - Setting next_dagrun for ecommerce_pipeline to None, run_after=None
[2026-03-06T18:53:37.914+0000] {processor.py:183} INFO - Processing /opt/airflow/dags/ecommerce_pipeline.py took 0.055 seconds
[2026-03-06T18:54:07.992+0000] {processor.py:161} INFO - Started process (PID=178) to work on /opt/airflow/dags/ecommerce_pipeline.py
[2026-03-06T18:54:07.993+0000] {processor.py:830} INFO - Processing file /opt/airflow/dags/ecommerce_pipeline.py for tasks to queue
[2026-03-06T18:54:07.994+0000] {logging_mixin.py:188} INFO - [2026-03-06T18:54:07.993+0000] {dagbag.py:545} INFO - Filling up the DagBag from /opt/airflow/dags/ecommerce_pipeline.py
[2026-03-06T18:54:08.000+0000] {processor.py:840} INFO - DAG(s) 'ecommerce_pipeline' retrieved from /opt/airflow/dags/ecommerce_pipeline.py
[2026-03-06T18:54:08.019+0000] {logging_mixin.py:188} INFO - [2026-03-06T18:54:08.018+0000] {dag.py:3096} INFO - Sync 1 DAGs
[2026-03-06T18:54:08.027+0000] {logging_mixin.py:188} INFO - [2026-03-06T18:54:08.027+0000] {dag.py:3954} INFO - Setting next_dagrun for ecommerce_pipeline to None, run_after=None
[2026-03-06T18:54:08.040+0000] {processor.py:183} INFO - Processing /opt/airflow/dags/ecommerce_pipeline.py took 0.053 seconds
[2026-03-06T18:54:38.193+0000] {processor.py:161} INFO - Started process (PID=183) to work on /opt/airflow/dags/ecommerce_pipeline.py
[2026-03-06T18:54:38.198+0000] {processor.py:830} INFO - Processing file /opt/airflow/dags/ecommerce_pipeline.py for tasks to queue
[2026-03-06T18:54:38.201+0000] {logging_mixin.py:188} INFO - [2026-03-06T18:54:38.200+0000] {dagbag.py:545} INFO - Filling up the DagBag from /opt/airflow/dags/ecommerce_pipeline.py
[2026-03-06T18:54:38.213+0000] {processor.py:840} INFO - DAG(s) 'ecommerce_pipeline' retrieved from /opt/airflow/dags/ecommerce_pipeline.py
[2026-03-06T18:54:38.239+0000] {logging_mixin.py:188} INFO - [2026-03-06T18:54:38.239+0000] {dag.py:3096} INFO - Sync 1 DAGs
[2026-03-06T18:54:38.246+0000] {logging_mixin.py:188} INFO - [2026-03-06T18:54:38.246+0000] {dag.py:3954} INFO - Setting next_dagrun for ecommerce_pipeline to None, run_after=None
[2026-03-06T18:54:38.263+0000] {processor.py:183} INFO - Processing /opt/airflow/dags/ecommerce_pipeline.py took 0.079 seconds
[2026-03-06T18:55:08.352+0000] {processor.py:161} INFO - Started process (PID=188) to work on /opt/airflow/dags/ecommerce_pipeline.py
[2026-03-06T18:55:08.354+0000] {processor.py:830} INFO - Processing file /opt/airflow/dags/ecommerce_pipeline.py for tasks to queue
[2026-03-06T18:55:08.356+0000] {logging_mixin.py:188} INFO - [2026-03-06T18:55:08.356+0000] {dagbag.py:545} INFO - Filling up the DagBag from /opt/airflow/dags/ecommerce_pipeline.py
[2026-03-06T18:55:08.364+0000] {processor.py:840} INFO - DAG(s) 'ecommerce_pipeline' retrieved from /opt/airflow/dags/ecommerce_pipeline.py
[2026-03-06T18:55:08.383+0000] {logging_mixin.py:188} INFO - [2026-03-06T18:55:08.382+0000] {dag.py:3096} INFO - Sync 1 DAGs
[2026-03-06T18:55:08.390+0000] {logging_mixin.py:188} INFO - [2026-03-06T18:55:08.390+0000] {dag.py:3954} INFO - Setting next_dagrun for ecommerce_pipeline to None, run_after=None
[2026-03-06T18:55:08.403+0000] {processor.py:183} INFO - Processing /opt/airflow/dags/ecommerce_pipeline.py took 0.059 seconds
[2026-03-06T18:55:38.553+0000] {processor.py:161} INFO - Started process (PID=193) to work on /opt/airflow/dags/ecommerce_pipeline.py
[2026-03-06T18:55:38.553+0000] {processor.py:830} INFO - Processing file /opt/airflow/dags/ecommerce_pipeline.py for tasks to queue
[2026-03-06T18:55:38.555+0000] {logging_mixin.py:188} INFO - [2026-03-06T18:55:38.555+0000] {dagbag.py:545} INFO - Filling up the DagBag from /opt/airflow/dags/ecommerce_pipeline.py
[2026-03-06T18:55:38.565+0000] {processor.py:840} INFO - DAG(s) 'ecommerce_pipeline' retrieved from /opt/airflow/dags/ecommerce_pipeline.py
[2026-03-06T18:55:38.586+0000] {logging_mixin.py:188} INFO - [2026-03-06T18:55:38.585+0000] {dag.py:3096} INFO - Sync 1 DAGs
[2026-03-06T18:55:38.592+0000] {logging_mixin.py:188} INFO - [2026-03-06T18:55:38.592+0000] {dag.py:3954} INFO - Setting next_dagrun for ecommerce_pipeline to None, run_after=None
[2026-03-06T18:55:38.605+0000] {processor.py:183} INFO - Processing /opt/airflow/dags/ecommerce_pipeline.py took 0.059 seconds
[2026-03-06T18:56:08.696+0000] {processor.py:161} INFO - Started process (PID=198) to work on /opt/airflow/dags/ecommerce_pipeline.py
[2026-03-06T18:56:08.698+0000] {processor.py:830} INFO - Processing file /opt/airflow/dags/ecommerce_pipeline.py for tasks to queue
[2026-03-06T18:56:08.699+0000] {logging_mixin.py:188} INFO - [2026-03-06T18:56:08.698+0000] {dagbag.py:545} INFO - Filling up the DagBag from /opt/airflow/dags/ecommerce_pipeline.py
[2026-03-06T18:56:08.704+0000] {processor.py:840} INFO - DAG(s) 'ecommerce_pipeline' retrieved from /opt/airflow/dags/ecommerce_pipeline.py
[2026-03-06T18:56:08.721+0000] {logging_mixin.py:188} INFO - [2026-03-06T18:56:08.721+0000] {dag.py:3096} INFO - Sync 1 DAGs
[2026-03-06T18:56:08.728+0000] {logging_mixin.py:188} INFO - [2026-03-06T18:56:08.728+0000] {dag.py:3954} INFO - Setting next_dagrun for ecommerce_pipeline to None, run_after=None
[2026-03-06T18:56:08.741+0000] {processor.py:183} INFO - Processing /opt/airflow/dags/ecommerce_pipeline.py took 0.048 seconds
[2026-03-06T18:56:38.868+0000] {processor.py:161} INFO - Started process (PID=203) to work on /opt/airflow/dags/ecommerce_pipeline.py
[2026-03-06T18:56:38.872+0000] {processor.py:830} INFO - Processing file /opt/airflow/dags/ecommerce_pipeline.py for tasks to queue
[2026-03-06T18:56:38.873+0000] {logging_mixin.py:188} INFO - [2026-03-06T18:56:38.873+0000] {dagbag.py:545} INFO - Filling up the DagBag from /opt/airflow/dags/ecommerce_pipeline.py
[2026-03-06T18:56:38.879+0000] {processor.py:840} INFO - DAG(s) 'ecommerce_pipeline' retrieved from /opt/airflow/dags/ecommerce_pipeline.py
[2026-03-06T18:56:38.899+0000] {logging_mixin.py:188} INFO - [2026-03-06T18:56:38.898+0000] {dag.py:3096} INFO - Sync 1 DAGs
[2026-03-06T18:56:38.906+0000] {logging_mixin.py:188} INFO - [2026-03-06T18:56:38.906+0000] {dag.py:3954} INFO - Setting next_dagrun for ecommerce_pipeline to None, run_after=None
[2026-03-06T18:56:38.923+0000] {processor.py:183} INFO - Processing /opt/airflow/dags/ecommerce_pipeline.py took 0.061 seconds
[2026-03-06T18:57:09.032+0000] {processor.py:161} INFO - Started process (PID=208) to work on /opt/airflow/dags/ecommerce_pipeline.py
[2026-03-06T18:57:09.033+0000] {processor.py:830} INFO - Processing file /opt/airflow/dags/ecommerce_pipeline.py for tasks to queue
[2026-03-06T18:57:09.034+0000] {logging_mixin.py:188} INFO - [2026-03-06T18:57:09.034+0000] {dagbag.py:545} INFO - Filling up the DagBag from /opt/airflow/dags/ecommerce_pipeline.py
[2026-03-06T18:57:09.041+0000] {processor.py:840} INFO - DAG(s) 'ecommerce_pipeline' retrieved from /opt/airflow/dags/ecommerce_pipeline.py
[2026-03-06T18:57:09.060+0000] {logging_mixin.py:188} INFO - [2026-03-06T18:57:09.060+0000] {dag.py:3096} INFO - Sync 1 DAGs
[2026-03-06T18:57:09.067+0000] {logging_mixin.py:188} INFO - [2026-03-06T18:57:09.066+0000] {dag.py:3954} INFO - Setting next_dagrun for ecommerce_pipeline to None, run_after=None
[2026-03-06T18:57:09.078+0000] {processor.py:183} INFO - Processing /opt/airflow/dags/ecommerce_pipeline.py took 0.054 seconds
[2026-03-06T18:57:39.226+0000] {processor.py:161} INFO - Started process (PID=213) to work on /opt/airflow/dags/ecommerce_pipeline.py
[2026-03-06T18:57:39.231+0000] {processor.py:830} INFO - Processing file /opt/airflow/dags/ecommerce_pipeline.py for tasks to queue
[2026-03-06T18:57:39.233+0000] {logging_mixin.py:188} INFO - [2026-03-06T18:57:39.233+0000] {dagbag.py:545} INFO - Filling up the DagBag from /opt/airflow/dags/ecommerce_pipeline.py
[2026-03-06T18:57:39.241+0000] {processor.py:840} INFO - DAG(s) 'ecommerce_pipeline' retrieved from /opt/airflow/dags/ecommerce_pipeline.py
[2026-03-06T18:57:39.262+0000] {logging_mixin.py:188} INFO - [2026-03-06T18:57:39.261+0000] {dag.py:3096} INFO - Sync 1 DAGs
[2026-03-06T18:57:39.269+0000] {logging_mixin.py:188} INFO - [2026-03-06T18:57:39.269+0000] {dag.py:3954} INFO - Setting next_dagrun for ecommerce_pipeline to None, run_after=None
[2026-03-06T18:57:39.282+0000] {processor.py:183} INFO - Processing /opt/airflow/dags/ecommerce_pipeline.py took 0.062 seconds
[2026-03-06T18:58:09.384+0000] {processor.py:161} INFO - Started process (PID=218) to work on /opt/airflow/dags/ecommerce_pipeline.py
[2026-03-06T18:58:09.389+0000] {processor.py:830} INFO - Processing file /opt/airflow/dags/ecommerce_pipeline.py for tasks to queue
[2026-03-06T18:58:09.392+0000] {logging_mixin.py:188} INFO - [2026-03-06T18:58:09.391+0000] {dagbag.py:545} INFO - Filling up the DagBag from /opt/airflow/dags/ecommerce_pipeline.py
[2026-03-06T18:58:09.402+0000] {processor.py:840} INFO - DAG(s) 'ecommerce_pipeline' retrieved from /opt/airflow/dags/ecommerce_pipeline.py
[2026-03-06T18:58:09.429+0000] {logging_mixin.py:188} INFO - [2026-03-06T18:58:09.428+0000] {dag.py:3096} INFO - Sync 1 DAGs
[2026-03-06T18:58:09.437+0000] {logging_mixin.py:188} INFO - [2026-03-06T18:58:09.437+0000] {dag.py:3954} INFO - Setting next_dagrun for ecommerce_pipeline to None, run_after=None
[2026-03-06T18:58:09.459+0000] {processor.py:183} INFO - Processing /opt/airflow/dags/ecommerce_pipeline.py took 0.082 seconds
[2026-03-06T18:58:39.559+0000] {processor.py:161} INFO - Started process (PID=223) to work on /opt/airflow/dags/ecommerce_pipeline.py
[2026-03-06T18:58:39.559+0000] {processor.py:830} INFO - Processing file /opt/airflow/dags/ecommerce_pipeline.py for tasks to queue
[2026-03-06T18:58:39.560+0000] {logging_mixin.py:188} INFO - [2026-03-06T18:58:39.560+0000] {dagbag.py:545} INFO - Filling up the DagBag from /opt/airflow/dags/ecommerce_pipeline.py
[2026-03-06T18:58:39.566+0000] {processor.py:840} INFO - DAG(s) 'ecommerce_pipeline' retrieved from /opt/airflow/dags/ecommerce_pipeline.py
[2026-03-06T18:58:39.584+0000] {logging_mixin.py:188} INFO - [2026-03-06T18:58:39.584+0000] {dag.py:3096} INFO - Sync 1 DAGs
[2026-03-06T18:58:39.592+0000] {logging_mixin.py:188} INFO - [2026-03-06T18:58:39.592+0000] {dag.py:3954} INFO - Setting next_dagrun for ecommerce_pipeline to None, run_after=None
[2026-03-06T18:58:39.605+0000] {processor.py:183} INFO - Processing /opt/airflow/dags/ecommerce_pipeline.py took 0.052 seconds
[2026-03-06T18:59:09.741+0000] {processor.py:161} INFO - Started process (PID=228) to work on /opt/airflow/dags/ecommerce_pipeline.py
[2026-03-06T18:59:09.746+0000] {processor.py:830} INFO - Processing file /opt/airflow/dags/ecommerce_pipeline.py for tasks to queue
[2026-03-06T18:59:09.748+0000] {logging_mixin.py:188} INFO - [2026-03-06T18:59:09.748+0000] {dagbag.py:545} INFO - Filling up the DagBag from /opt/airflow/dags/ecommerce_pipeline.py
[2026-03-06T18:59:09.757+0000] {processor.py:840} INFO - DAG(s) 'ecommerce_pipeline' retrieved from /opt/airflow/dags/ecommerce_pipeline.py
[2026-03-06T18:59:09.778+0000] {logging_mixin.py:188} INFO - [2026-03-06T18:59:09.778+0000] {dag.py:3096} INFO - Sync 1 DAGs
[2026-03-06T18:59:09.786+0000] {logging_mixin.py:188} INFO - [2026-03-06T18:59:09.786+0000] {dag.py:3954} INFO - Setting next_dagrun for ecommerce_pipeline to None, run_after=None
[2026-03-06T18:59:09.799+0000] {processor.py:183} INFO - Processing /opt/airflow/dags/ecommerce_pipeline.py took 0.064 seconds
[2026-03-06T18:59:39.880+0000] {processor.py:161} INFO - Started process (PID=233) to work on /opt/airflow/dags/ecommerce_pipeline.py
[2026-03-06T18:59:39.885+0000] {processor.py:830} INFO - Processing file /opt/airflow/dags/ecommerce_pipeline.py for tasks to queue
[2026-03-06T18:59:39.888+0000] {logging_mixin.py:188} INFO - [2026-03-06T18:59:39.887+0000] {dagbag.py:545} INFO - Filling up the DagBag from /opt/airflow/dags/ecommerce_pipeline.py
[2026-03-06T18:59:39.898+0000] {processor.py:840} INFO - DAG(s) 'ecommerce_pipeline' retrieved from /opt/airflow/dags/ecommerce_pipeline.py
[2026-03-06T18:59:39.914+0000] {logging_mixin.py:188} INFO - [2026-03-06T18:59:39.914+0000] {dag.py:3096} INFO - Sync 1 DAGs
[2026-03-06T18:59:39.921+0000] {logging_mixin.py:188} INFO - [2026-03-06T18:59:39.921+0000] {dag.py:3954} INFO - Setting next_dagrun for ecommerce_pipeline to None, run_after=None
[2026-03-06T18:59:39.934+0000] {processor.py:183} INFO - Processing /opt/airflow/dags/ecommerce_pipeline.py took 0.062 seconds
[2026-03-06T19:00:10.045+0000] {processor.py:161} INFO - Started process (PID=238) to work on /opt/airflow/dags/ecommerce_pipeline.py
[2026-03-06T19:00:10.045+0000] {processor.py:830} INFO - Processing file /opt/airflow/dags/ecommerce_pipeline.py for tasks to queue
[2026-03-06T19:00:10.046+0000] {logging_mixin.py:188} INFO - [2026-03-06T19:00:10.046+0000] {dagbag.py:545} INFO - Filling up the DagBag from /opt/airflow/dags/ecommerce_pipeline.py
[2026-03-06T19:00:10.052+0000] {processor.py:840} INFO - DAG(s) 'ecommerce_pipeline' retrieved from /opt/airflow/dags/ecommerce_pipeline.py
[2026-03-06T19:00:10.068+0000] {logging_mixin.py:188} INFO - [2026-03-06T19:00:10.068+0000] {dag.py:3096} INFO - Sync 1 DAGs
[2026-03-06T19:00:10.075+0000] {logging_mixin.py:188} INFO - [2026-03-06T19:00:10.075+0000] {dag.py:3954} INFO - Setting next_dagrun for ecommerce_pipeline to None, run_after=None
[2026-03-06T19:00:10.088+0000] {processor.py:183} INFO - Processing /opt/airflow/dags/ecommerce_pipeline.py took 0.046 seconds
[2026-03-06T19:00:40.192+0000] {processor.py:161} INFO - Started process (PID=243) to work on /opt/airflow/dags/ecommerce_pipeline.py
[2026-03-06T19:00:40.197+0000] {processor.py:830} INFO - Processing file /opt/airflow/dags/ecommerce_pipeline.py for tasks to queue
[2026-03-06T19:00:40.198+0000] {logging_mixin.py:188} INFO - [2026-03-06T19:00:40.198+0000] {dagbag.py:545} INFO - Filling up the DagBag from /opt/airflow/dags/ecommerce_pipeline.py
[2026-03-06T19:00:40.203+0000] {processor.py:840} INFO - DAG(s) 'ecommerce_pipeline' retrieved from /opt/airflow/dags/ecommerce_pipeline.py
[2026-03-06T19:00:40.220+0000] {logging_mixin.py:188} INFO - [2026-03-06T19:00:40.220+0000] {dag.py:3096} INFO - Sync 1 DAGs
[2026-03-06T19:00:40.227+0000] {logging_mixin.py:188} INFO - [2026-03-06T19:00:40.227+0000] {dag.py:3954} INFO - Setting next_dagrun for ecommerce_pipeline to None, run_after=None
[2026-03-06T19:00:40.240+0000] {processor.py:183} INFO - Processing /opt/airflow/dags/ecommerce_pipeline.py took 0.052 seconds
[2026-03-06T19:01:10.368+0000] {processor.py:161} INFO - Started process (PID=248) to work on /opt/airflow/dags/ecommerce_pipeline.py
[2026-03-06T19:01:10.374+0000] {processor.py:830} INFO - Processing file /opt/airflow/dags/ecommerce_pipeline.py for tasks to queue
[2026-03-06T19:01:10.377+0000] {logging_mixin.py:188} INFO - [2026-03-06T19:01:10.376+0000] {dagbag.py:545} INFO - Filling up the DagBag from /opt/airflow/dags/ecommerce_pipeline.py
[2026-03-06T19:01:10.387+0000] {processor.py:840} INFO - DAG(s) 'ecommerce_pipeline' retrieved from /opt/airflow/dags/ecommerce_pipeline.py
[2026-03-06T19:01:10.419+0000] {logging_mixin.py:188} INFO - [2026-03-06T19:01:10.419+0000] {dag.py:3096} INFO - Sync 1 DAGs
[2026-03-06T19:01:10.427+0000] {logging_mixin.py:188} INFO - [2026-03-06T19:01:10.427+0000] {dag.py:3954} INFO - Setting next_dagrun for ecommerce_pipeline to None, run_after=None
[2026-03-06T19:01:10.439+0000] {processor.py:183} INFO - Processing /opt/airflow/dags/ecommerce_pipeline.py took 0.079 seconds
[2026-03-06T19:01:40.532+0000] {processor.py:161} INFO - Started process (PID=253) to work on /opt/airflow/dags/ecommerce_pipeline.py
[2026-03-06T19:01:40.532+0000] {processor.py:830} INFO - Processing file /opt/airflow/dags/ecommerce_pipeline.py for tasks to queue
[2026-03-06T19:01:40.534+0000] {logging_mixin.py:188} INFO - [2026-03-06T19:01:40.534+0000] {dagbag.py:545} INFO - Filling up the DagBag from /opt/airflow/dags/ecommerce_pipeline.py
[2026-03-06T19:01:40.540+0000] {processor.py:840} INFO - DAG(s) 'ecommerce_pipeline' retrieved from /opt/airflow/dags/ecommerce_pipeline.py
[2026-03-06T19:01:40.558+0000] {logging_mixin.py:188} INFO - [2026-03-06T19:01:40.558+0000] {dag.py:3096} INFO - Sync 1 DAGs
[2026-03-06T19:01:40.566+0000] {logging_mixin.py:188} INFO - [2026-03-06T19:01:40.565+0000] {dag.py:3954} INFO - Setting next_dagrun for ecommerce_pipeline to None, run_after=None
[2026-03-06T19:01:40.579+0000] {processor.py:183} INFO - Processing /opt/airflow/dags/ecommerce_pipeline.py took 0.055 seconds
[2026-03-06T19:02:10.727+0000] {processor.py:161} INFO - Started process (PID=258) to work on /opt/airflow/dags/ecommerce_pipeline.py
[2026-03-06T19:02:10.728+0000] {processor.py:830} INFO - Processing file /opt/airflow/dags/ecommerce_pipeline.py for tasks to queue
[2026-03-06T19:02:10.729+0000] {logging_mixin.py:188} INFO - [2026-03-06T19:02:10.729+0000] {dagbag.py:545} INFO - Filling up the DagBag from /opt/airflow/dags/ecommerce_pipeline.py
[2026-03-06T19:02:10.734+0000] {processor.py:840} INFO - DAG(s) 'ecommerce_pipeline' retrieved from /opt/airflow/dags/ecommerce_pipeline.py
[2026-03-06T19:02:10.753+0000] {logging_mixin.py:188} INFO - [2026-03-06T19:02:10.752+0000] {dag.py:3096} INFO - Sync 1 DAGs
[2026-03-06T19:02:10.759+0000] {logging_mixin.py:188} INFO - [2026-03-06T19:02:10.759+0000] {dag.py:3954} INFO - Setting next_dagrun for ecommerce_pipeline to None, run_after=None
[2026-03-06T19:02:10.775+0000] {processor.py:183} INFO - Processing /opt/airflow/dags/ecommerce_pipeline.py took 0.053 seconds
[2026-03-06T19:03:11.942+0000] {processor.py:161} INFO - Started process (PID=167) to work on /opt/airflow/dags/ecommerce_pipeline.py
[2026-03-06T19:03:11.942+0000] {processor.py:830} INFO - Processing file /opt/airflow/dags/ecommerce_pipeline.py for tasks to queue
[2026-03-06T19:03:11.943+0000] {logging_mixin.py:188} INFO - [2026-03-06T19:03:11.943+0000] {dagbag.py:545} INFO - Filling up the DagBag from /opt/airflow/dags/ecommerce_pipeline.py
[2026-03-06T19:03:11.965+0000] {processor.py:840} INFO - DAG(s) 'ecommerce_pipeline' retrieved from /opt/airflow/dags/ecommerce_pipeline.py
[2026-03-06T19:03:12.150+0000] {logging_mixin.py:188} INFO - [2026-03-06T19:03:12.150+0000] {override.py:1829} INFO - Created Permission View: can read on DAG:ecommerce_pipeline
[2026-03-06T19:03:12.158+0000] {logging_mixin.py:188} INFO - [2026-03-06T19:03:12.158+0000] {override.py:1829} INFO - Created Permission View: can delete on DAG:ecommerce_pipeline
[2026-03-06T19:03:12.163+0000] {logging_mixin.py:188} INFO - [2026-03-06T19:03:12.163+0000] {override.py:1829} INFO - Created Permission View: can edit on DAG:ecommerce_pipeline
[2026-03-06T19:03:12.163+0000] {logging_mixin.py:188} INFO - [2026-03-06T19:03:12.163+0000] {dag.py:3096} INFO - Sync 1 DAGs
[2026-03-06T19:03:12.170+0000] {logging_mixin.py:188} INFO - [2026-03-06T19:03:12.170+0000] {dag.py:3118} INFO - Creating ORM DAG for ecommerce_pipeline
[2026-03-06T19:03:12.170+0000] {logging_mixin.py:188} INFO - [2026-03-06T19:03:12.170+0000] {dag.py:3954} INFO - Setting next_dagrun for ecommerce_pipeline to None, run_after=None
[2026-03-06T19:03:12.179+0000] {processor.py:183} INFO - Processing /opt/airflow/dags/ecommerce_pipeline.py took 0.241 seconds
[2026-03-06T19:03:42.319+0000] {processor.py:161} INFO - Started process (PID=173) to work on /opt/airflow/dags/ecommerce_pipeline.py
[2026-03-06T19:03:42.320+0000] {processor.py:830} INFO - Processing file /opt/airflow/dags/ecommerce_pipeline.py for tasks to queue
[2026-03-06T19:03:42.322+0000] {logging_mixin.py:188} INFO - [2026-03-06T19:03:42.322+0000] {dagbag.py:545} INFO - Filling up the DagBag from /opt/airflow/dags/ecommerce_pipeline.py
[2026-03-06T19:03:42.330+0000] {processor.py:840} INFO - DAG(s) 'ecommerce_pipeline' retrieved from /opt/airflow/dags/ecommerce_pipeline.py
[2026-03-06T19:03:42.348+0000] {logging_mixin.py:188} INFO - [2026-03-06T19:03:42.348+0000] {dag.py:3096} INFO - Sync 1 DAGs
[2026-03-06T19:03:42.355+0000] {logging_mixin.py:188} INFO - [2026-03-06T19:03:42.355+0000] {dag.py:3954} INFO - Setting next_dagrun for ecommerce_pipeline to None, run_after=None
[2026-03-06T19:03:42.368+0000] {processor.py:183} INFO - Processing /opt/airflow/dags/ecommerce_pipeline.py took 0.056 seconds
[2026-03-06T19:04:12.453+0000] {processor.py:161} INFO - Started process (PID=178) to work on /opt/airflow/dags/ecommerce_pipeline.py
[2026-03-06T19:04:12.454+0000] {processor.py:830} INFO - Processing file /opt/airflow/dags/ecommerce_pipeline.py for tasks to queue
[2026-03-06T19:04:12.455+0000] {logging_mixin.py:188} INFO - [2026-03-06T19:04:12.455+0000] {dagbag.py:545} INFO - Filling up the DagBag from /opt/airflow/dags/ecommerce_pipeline.py
[2026-03-06T19:04:12.462+0000] {processor.py:840} INFO - DAG(s) 'ecommerce_pipeline' retrieved from /opt/airflow/dags/ecommerce_pipeline.py
[2026-03-06T19:04:12.481+0000] {logging_mixin.py:188} INFO - [2026-03-06T19:04:12.481+0000] {dag.py:3096} INFO - Sync 1 DAGs
[2026-03-06T19:04:12.489+0000] {logging_mixin.py:188} INFO - [2026-03-06T19:04:12.489+0000] {dag.py:3954} INFO - Setting next_dagrun for ecommerce_pipeline to None, run_after=None
[2026-03-06T19:04:12.506+0000] {processor.py:183} INFO - Processing /opt/airflow/dags/ecommerce_pipeline.py took 0.057 seconds
[2026-03-06T19:04:42.635+0000] {processor.py:161} INFO - Started process (PID=183) to work on /opt/airflow/dags/ecommerce_pipeline.py
[2026-03-06T19:04:42.640+0000] {processor.py:830} INFO - Processing file /opt/airflow/dags/ecommerce_pipeline.py for tasks to queue
[2026-03-06T19:04:42.641+0000] {logging_mixin.py:188} INFO - [2026-03-06T19:04:42.641+0000] {dagbag.py:545} INFO - Filling up the DagBag from /opt/airflow/dags/ecommerce_pipeline.py
[2026-03-06T19:04:42.647+0000] {processor.py:840} INFO - DAG(s) 'ecommerce_pipeline' retrieved from /opt/airflow/dags/ecommerce_pipeline.py
[2026-03-06T19:04:42.665+0000] {logging_mixin.py:188} INFO - [2026-03-06T19:04:42.664+0000] {dag.py:3096} INFO - Sync 1 DAGs
[2026-03-06T19:04:42.672+0000] {logging_mixin.py:188} INFO - [2026-03-06T19:04:42.672+0000] {dag.py:3954} INFO - Setting next_dagrun for ecommerce_pipeline to None, run_after=None
[2026-03-06T19:04:42.689+0000] {processor.py:183} INFO - Processing /opt/airflow/dags/ecommerce_pipeline.py took 0.057 seconds
